# JRE version: OpenJDK Runtime Environment (11.0.12+7) (build 11.0.12+7-b1504.28-7817840)
# Java VM: OpenJDK 64-Bit Server VM (11.0.12+7-b1504.28-7817840, mixed mode, tiered, compressed oops, g1 gc, windows-amd64)
Heap:
 garbage-first heap   total 260096K, used 104884K [0x0000000080000000, 0x0000000100000000)
  region size 1024K, 10 young (10240K), 6 survivors (6144K)
 Metaspace       used 99190K, capacity 101947K, committed 102040K, reserved 1136640K
  class space    used 13060K, capacity 14193K, committed 14232K, reserved 1048576K
GC Heap History (20 events):
Event: 15.838 GC heap before
{Heap before GC invocations=7 (full 0):
 garbage-first heap   total 260096K, used 140156K [0x0000000080000000, 0x0000000100000000)
  region size 1024K, 118 young (120832K), 6 survivors (6144K)
 Metaspace       used 44759K, capacity 45686K, committed 45824K, reserved 1089536K
  class space    used 5747K, capacity 6099K, committed 6144K, reserved 1048576K
}
Event: 15.861 GC heap after
{Heap after GC invocations=8 (full 0):
 garbage-first heap   total 260096K, used 29699K [0x0000000080000000, 0x0000000100000000)
  region size 1024K, 13 young (13312K), 13 survivors (13312K)
 Metaspace       used 44759K, capacity 45686K, committed 45824K, reserved 1089536K
  class space    used 5747K, capacity 6099K, committed 6144K, reserved 1048576K
}
Event: 19.229 GC heap before
{Heap before GC invocations=8 (full 0):
 garbage-first heap   total 260096K, used 157699K [0x0000000080000000, 0x0000000100000000)
  region size 1024K, 135 young (138240K), 13 survivors (13312K)
 Metaspace       used 52741K, capacity 53920K, committed 54144K, reserved 1095680K
  class space    used 6739K, capacity 7206K, committed 7296K, reserved 1048576K
}
Event: 19.259 GC heap after
{Heap after GC invocations=9 (full 0):
 garbage-first heap   total 260096K, used 43778K [0x0000000080000000, 0x0000000100000000)
  region size 1024K, 17 young (17408K), 17 survivors (17408K)
 Metaspace       used 52741K, capacity 53920K, committed 54144K, reserved 1095680K
  class space    used 6739K, capacity 7206K, committed 7296K, reserved 1048576K
}
Event: 20.654 GC heap before
{Heap before GC invocations=9 (full 0):
 garbage-first heap   total 260096K, used 82690K [0x0000000080000000, 0x0000000100000000)
  region size 1024K, 56 young (57344K), 17 survivors (17408K)
 Metaspace       used 58905K, capacity 60270K, committed 60288K, reserved 1101824K
  class space    used 7513K, capacity 8062K, committed 8064K, reserved 1048576K
}
Event: 20.681 GC heap after
{Heap after GC invocations=10 (full 0):
 garbage-first heap   total 260096K, used 46545K [0x0000000080000000, 0x0000000100000000)
  region size 1024K, 3 young (3072K), 3 survivors (3072K)
 Metaspace       used 58905K, capacity 60270K, committed 60288K, reserved 1101824K
  class space    used 7513K, capacity 8062K, committed 8064K, reserved 1048576K
}
Event: 23.283 GC heap before
{Heap before GC invocations=11 (full 0):
 garbage-first heap   total 260096K, used 162257K [0x0000000080000000, 0x0000000100000000)
  region size 1024K, 116 young (118784K), 3 survivors (3072K)
 Metaspace       used 66437K, capacity 67992K, committed 68224K, reserved 1107968K
  class space    used 8474K, capacity 9084K, committed 9088K, reserved 1048576K
}
Event: 23.296 GC heap after
{Heap after GC invocations=12 (full 0):
 garbage-first heap   total 260096K, used 54551K [0x0000000080000000, 0x0000000100000000)
  region size 1024K, 11 young (11264K), 11 survivors (11264K)
 Metaspace       used 66437K, capacity 67992K, committed 68224K, reserved 1107968K
  class space    used 8474K, capacity 9084K, committed 9088K, reserved 1048576K
}
Event: 26.474 GC heap before
{Heap before GC invocations=12 (full 0):
 garbage-first heap   total 260096K, used 172311K [0x0000000080000000, 0x0000000100000000)
  region size 1024K, 126 young (129024K), 11 survivors (11264K)
 Metaspace       used 78692K, capacity 80379K, committed 80640K, reserved 1118208K
  class space    used 10307K, capacity 10975K, committed 11008K, reserved 1048576K
}
Event: 26.492 GC heap after
{Heap after GC invocations=13 (full 0):
 garbage-first heap   total 260096K, used 62171K [0x0000000080000000, 0x0000000100000000)
  region size 1024K, 8 young (8192K), 8 survivors (8192K)
 Metaspace       used 78692K, capacity 80379K, committed 80640K, reserved 1118208K
  class space    used 10307K, capacity 10975K, committed 11008K, reserved 1048576K
}
Event: 29.244 GC heap before
{Heap before GC invocations=13 (full 0):
 garbage-first heap   total 260096K, used 179931K [0x0000000080000000, 0x0000000100000000)
  region size 1024K, 124 young (126976K), 8 survivors (8192K)
 Metaspace       used 82516K, capacity 84616K, committed 84736K, reserved 1122304K
  class space    used 10833K, capacity 11661K, committed 11776K, reserved 1048576K
}
Event: 29.262 GC heap after
{Heap after GC invocations=14 (full 0):
 garbage-first heap   total 260096K, used 69887K [0x0000000080000000, 0x0000000100000000)
  region size 1024K, 16 young (16384K), 16 survivors (16384K)
 Metaspace       used 82516K, capacity 84616K, committed 84736K, reserved 1122304K
  class space    used 10833K, capacity 11661K, committed 11776K, reserved 1048576K
}
Event: 31.330 GC heap before
{Heap before GC invocations=14 (full 0):
 garbage-first heap   total 260096K, used 186623K [0x0000000080000000, 0x0000000100000000)
  region size 1024K, 131 young (134144K), 16 survivors (16384K)
 Metaspace       used 85358K, capacity 87612K, committed 87808K, reserved 1124352K
  class space    used 11141K, capacity 11979K, committed 12032K, reserved 1048576K
}
Event: 31.349 GC heap after
{Heap after GC invocations=15 (full 0):
 garbage-first heap   total 260096K, used 77384K [0x0000000080000000, 0x0000000100000000)
  region size 1024K, 16 young (16384K), 16 survivors (16384K)
 Metaspace       used 85358K, capacity 87612K, committed 87808K, reserved 1124352K
  class space    used 11141K, capacity 11979K, committed 12032K, reserved 1048576K
}
Event: 35.311 GC heap before
{Heap before GC invocations=15 (full 0):
 garbage-first heap   total 260096K, used 194120K [0x0000000080000000, 0x0000000100000000)
  region size 1024K, 131 young (134144K), 16 survivors (16384K)
 Metaspace       used 89307K, capacity 91628K, committed 91904K, reserved 1128448K
  class space    used 11605K, capacity 12468K, committed 12544K, reserved 1048576K
}
Event: 35.332 GC heap after
{Heap after GC invocations=16 (full 0):
 garbage-first heap   total 260096K, used 85512K [0x0000000080000000, 0x0000000100000000)
  region size 1024K, 16 young (16384K), 16 survivors (16384K)
 Metaspace       used 89307K, capacity 91628K, committed 91904K, reserved 1128448K
  class space    used 11605K, capacity 12468K, committed 12544K, reserved 1048576K
}
Event: 36.445 GC heap before
{Heap before GC invocations=16 (full 0):
 garbage-first heap   total 260096K, used 202248K [0x0000000080000000, 0x0000000100000000)
  region size 1024K, 127 young (130048K), 16 survivors (16384K)
 Metaspace       used 94539K, capacity 97007K, committed 97280K, reserved 1132544K
  class space    used 12320K, capacity 13285K, committed 13312K, reserved 1048576K
}
Event: 36.468 GC heap after
{Heap after GC invocations=17 (full 0):
 garbage-first heap   total 260096K, used 95411K [0x0000000080000000, 0x0000000100000000)
  region size 1024K, 16 young (16384K), 16 survivors (16384K)
 Metaspace       used 94539K, capacity 97007K, committed 97280K, reserved 1132544K
  class space    used 12320K, capacity 13285K, committed 13312K, reserved 1048576K
}
Event: 36.790 GC heap before
{Heap before GC invocations=17 (full 0):
 garbage-first heap   total 260096K, used 127155K [0x0000000080000000, 0x0000000100000000)
  region size 1024K, 49 young (50176K), 16 survivors (16384K)
 Metaspace       used 98296K, capacity 101069K, committed 101120K, reserved 1136640K
  class space    used 12917K, capacity 14029K, committed 14080K, reserved 1048576K
}
Event: 36.831 GC heap after
{Heap after GC invocations=18 (full 0):
 garbage-first heap   total 260096K, used 101812K [0x0000000080000000, 0x0000000100000000)
  region size 1024K, 6 young (6144K), 6 survivors (6144K)
 Metaspace       used 98296K, capacity 101069K, committed 101120K, reserved 1136640K
  class space    used 12917K, capacity 14029K, committed 14080K, reserved 1048576K
}

