# JRE version: OpenJDK Runtime Environment (11.0.12+7) (build 11.0.12+7-b1504.28-7817840)
# Java VM: OpenJDK 64-Bit Server VM (11.0.12+7-b1504.28-7817840, mixed mode, tiered, compressed oops, g1 gc, windows-amd64)
Heap:
 garbage-first heap   total 260096K, used 176386K [0x0000000080000000, 0x0000000100000000)
  region size 1024K, 153 young (156672K), 14 survivors (14336K)
 Metaspace       used 56570K, capacity 57977K, committed 58056K, reserved 1099776K
  class space    used 7215K, capacity 7729K, committed 7756K, reserved 1048576K
GC Heap History (11 events):
Event: 0.651 GC heap before
{Heap before GC invocations=0 (full 0):
 garbage-first heap   total 260096K, used 29696K [0x0000000080000000, 0x0000000100000000)
  region size 1024K, 24 young (24576K), 0 survivors (0K)
 Metaspace       used 10201K, capacity 10499K, committed 10624K, reserved 1058816K
  class space    used 1061K, capacity 1138K, committed 1152K, reserved 1048576K
}
Event: 0.655 GC heap after
{Heap after GC invocations=1 (full 0):
 garbage-first heap   total 260096K, used 9673K [0x0000000080000000, 0x0000000100000000)
  region size 1024K, 3 young (3072K), 3 survivors (3072K)
 Metaspace       used 10201K, capacity 10499K, committed 10624K, reserved 1058816K
  class space    used 1061K, capacity 1138K, committed 1152K, reserved 1048576K
}
Event: 2.838 GC heap before
{Heap before GC invocations=1 (full 0):
 garbage-first heap   total 260096K, used 113097K [0x0000000080000000, 0x0000000100000000)
  region size 1024K, 105 young (107520K), 3 survivors (3072K)
 Metaspace       used 20662K, capacity 21117K, committed 21296K, reserved 1069056K
  class space    used 2540K, capacity 2680K, committed 2688K, reserved 1048576K
}
Event: 2.849 GC heap after
{Heap after GC invocations=2 (full 0):
 garbage-first heap   total 260096K, used 17313K [0x0000000080000000, 0x0000000100000000)
  region size 1024K, 11 young (11264K), 11 survivors (11264K)
 Metaspace       used 20662K, capacity 21117K, committed 21296K, reserved 1069056K
  class space    used 2540K, capacity 2680K, committed 2688K, reserved 1048576K
}
Event: 3.126 GC heap before
{Heap before GC invocations=3 (full 0):
 garbage-first heap   total 260096K, used 40865K [0x0000000080000000, 0x0000000100000000)
  region size 1024K, 34 young (34816K), 11 survivors (11264K)
 Metaspace       used 23009K, capacity 23506K, committed 23856K, reserved 1071104K
  class space    used 2916K, capacity 3099K, committed 3200K, reserved 1048576K
}
Event: 3.132 GC heap after
{Heap after GC invocations=4 (full 0):
 garbage-first heap   total 260096K, used 18462K [0x0000000080000000, 0x0000000100000000)
  region size 1024K, 2 young (2048K), 2 survivors (2048K)
 Metaspace       used 23009K, capacity 23506K, committed 23856K, reserved 1071104K
  class space    used 2916K, capacity 3099K, committed 3200K, reserved 1048576K
}
Event: 4.894 GC heap before
{Heap before GC invocations=4 (full 0):
 garbage-first heap   total 260096K, used 108574K [0x0000000080000000, 0x0000000100000000)
  region size 1024K, 91 young (93184K), 2 survivors (2048K)
 Metaspace       used 34864K, capacity 35662K, committed 35708K, reserved 1081344K
  class space    used 4516K, capacity 4839K, committed 4864K, reserved 1048576K
}
Event: 4.907 GC heap after
{Heap after GC invocations=5 (full 0):
 garbage-first heap   total 260096K, used 22401K [0x0000000080000000, 0x0000000100000000)
  region size 1024K, 6 young (6144K), 6 survivors (6144K)
 Metaspace       used 34864K, capacity 35662K, committed 35708K, reserved 1081344K
  class space    used 4516K, capacity 4839K, committed 4864K, reserved 1048576K
}
Event: 6.625 GC heap before
{Heap before GC invocations=6 (full 0):
 garbage-first heap   total 260096K, used 147329K [0x0000000080000000, 0x0000000100000000)
  region size 1024K, 125 young (128000K), 6 survivors (6144K)
 Metaspace       used 45158K, capacity 46172K, committed 46280K, reserved 1089536K
  class space    used 5817K, capacity 6197K, committed 6220K, reserved 1048576K
}
Event: 6.637 GC heap after
{Heap after GC invocations=7 (full 0):
 garbage-first heap   total 260096K, used 29954K [0x0000000080000000, 0x0000000100000000)
  region size 1024K, 13 young (13312K), 13 survivors (13312K)
 Metaspace       used 45158K, capacity 46172K, committed 46280K, reserved 1089536K
  class space    used 5817K, capacity 6197K, committed 6220K, reserved 1048576K
}
Event: 8.316 GC heap before
{Heap before GC invocations=7 (full 0):
 garbage-first heap   total 260096K, used 176386K [0x0000000080000000, 0x0000000100000000)
  region size 1024K, 152 young (155648K), 13 survivors (13312K)
 Metaspace       used 56570K, capacity 57977K, committed 58056K, reserved 1099776K
  class space    used 7215K, capacity 7729K, committed 7756K, reserved 1048576K
}

